<?xml version="1.0" encoding="UTF-8"?>
<testsuite xmlns:xsi="http://www.w3.org/2001/XMLSchema-instance" xsi:noNamespaceSchemaLocation="https://maven.apache.org/surefire/maven-surefire-plugin/xsd/surefire-test-report.xsd" version="3.0.2" name="br.com.estacionamento.Sistema.de.Estacionamento.service.EventServiceTest" time="0.009" tests="6" errors="0" skipped="0" failures="0">
  <properties>
[...]
</properties>
  <testcase name="testExit_success" classname="br.com.estacionamento.Sistema.de.Estacionamento.service.EventServiceTest" time="0.002"/>
  <testcase name="testEntry_sectorNaoExiste" classname="br.com.estacionamento.Sistema.de.Estacionamento.service.EventServiceTest" time="0.002"/>
  <testcase name="testEventInvalid" classname="br.com.estacionamento.Sistema.de.Estacionamento.service.EventServiceTest" time="0.001"/>
  <testcase name="testParked_success" classname="br.com.estacionamento.Sistema.de.Estacionamento.service.EventServiceTest" time="0.001"/>
  <testcase name="testEntry_success" classname="br.com.estacionamento.Sistema.de.Estacionamento.service.EventServiceTest" time="0.001"/>
  <testcase name="testEventUnknown" classname="br.com.estacionamento.Sistema.de.Estacionamento.service.EventServiceTest" time="0.001"/>
</testsuite>